[0.165s] DEBUG:colcon:Command line arguments: ['/usr/bin/colcon', 'build', '--symlink-install', '--packages-select', 'scuttle_gazebo_ros2', 'scuttle_navigation2', 'scuttle_description_ros2']
[0.166s] DEBUG:colcon:Parsed command line arguments: Namespace(log_base=None, log_level=None, verb_name='build', build_base='build', install_base='install', merge_install=False, symlink_install=True, test_result_base=None, continue_on_error=False, executor='parallel', parallel_workers=4, event_handlers=None, ignore_user_meta=False, metas=['./colcon.meta'], base_paths=['.'], packages_ignore=None, packages_ignore_regex=None, paths=None, packages_up_to=None, packages_up_to_regex=None, packages_above=None, packages_above_and_dependencies=None, packages_above_depth=None, packages_select_by_dep=None, packages_skip_by_dep=None, packages_skip_up_to=None, packages_select_build_failed=False, packages_skip_build_finished=False, packages_select_test_failures=False, packages_skip_test_passed=False, packages_select=['scuttle_gazebo_ros2', 'scuttle_navigation2', 'scuttle_description_ros2'], packages_skip=None, packages_select_regex=None, packages_skip_regex=None, packages_start=None, packages_end=None, allow_overriding=[], cmake_args=None, cmake_target=None, cmake_target_skip_unavailable=False, cmake_clean_cache=False, cmake_clean_first=False, cmake_force_configure=False, ament_cmake_args=None, catkin_cmake_args=None, catkin_skip_building_tests=False, mixin_files=None, mixin=None, verb_parser=<colcon_mixin.mixin.mixin_argument.MixinArgumentDecorator object at 0x72073ae3d690>, verb_extension=<colcon_core.verb.build.BuildVerb object at 0x72073afaa470>, main=<bound method BuildVerb.main of <colcon_core.verb.build.BuildVerb object at 0x72073afaa470>>, mixin_verb=('build',))
[0.726s] Level 1:colcon.colcon_core.package_discovery:discover_packages(colcon_meta) check parameters
[0.726s] Level 1:colcon.colcon_core.package_discovery:discover_packages(recursive) check parameters
[0.726s] Level 1:colcon.colcon_core.package_discovery:discover_packages(ignore) check parameters
[0.726s] Level 1:colcon.colcon_core.package_discovery:discover_packages(path) check parameters
[0.726s] Level 1:colcon.colcon_core.package_discovery:discover_packages(colcon_meta) discover
[0.726s] Level 1:colcon.colcon_core.package_discovery:discover_packages(recursive) discover
[0.726s] INFO:colcon.colcon_core.package_discovery:Crawling recursively for packages in '/home/b24me1066/Warehouse_Simulation'
[0.726s] Level 1:colcon.colcon_core.package_identification:_identify(.) by extensions ['ignore', 'ignore_ament_install']
[0.726s] Level 1:colcon.colcon_core.package_identification:_identify(.) by extension 'ignore'
[0.726s] Level 1:colcon.colcon_core.package_identification:_identify(.) by extension 'ignore_ament_install'
[0.726s] Level 1:colcon.colcon_core.package_identification:_identify(.) by extensions ['colcon_pkg']
[0.726s] Level 1:colcon.colcon_core.package_identification:_identify(.) by extension 'colcon_pkg'
[0.726s] Level 1:colcon.colcon_core.package_identification:_identify(.) by extensions ['colcon_meta']
[0.726s] Level 1:colcon.colcon_core.package_identification:_identify(.) by extension 'colcon_meta'
[0.727s] Level 1:colcon.colcon_core.package_identification:_identify(.) by extensions ['ros']
[0.727s] Level 1:colcon.colcon_core.package_identification:_identify(.) by extension 'ros'
[0.745s] Level 1:colcon.colcon_core.package_identification:_identify(.) by extensions ['cmake', 'python']
[0.745s] Level 1:colcon.colcon_core.package_identification:_identify(.) by extension 'cmake'
[0.745s] Level 1:colcon.colcon_core.package_identification:_identify(.) by extension 'python'
[0.745s] Level 1:colcon.colcon_core.package_identification:_identify(.) by extensions ['python_setup_py']
[0.745s] Level 1:colcon.colcon_core.package_identification:_identify(.) by extension 'python_setup_py'
[0.745s] Level 1:colcon.colcon_core.package_identification:_identify(build) by extensions ['ignore', 'ignore_ament_install']
[0.745s] Level 1:colcon.colcon_core.package_identification:_identify(build) by extension 'ignore'
[0.745s] Level 1:colcon.colcon_core.package_identification:_identify(build) ignored
[0.746s] Level 1:colcon.colcon_core.package_identification:_identify(install) by extensions ['ignore', 'ignore_ament_install']
[0.746s] Level 1:colcon.colcon_core.package_identification:_identify(install) by extension 'ignore'
[0.746s] Level 1:colcon.colcon_core.package_identification:_identify(install) ignored
[0.746s] Level 1:colcon.colcon_core.package_identification:_identify(log) by extensions ['ignore', 'ignore_ament_install']
[0.746s] Level 1:colcon.colcon_core.package_identification:_identify(log) by extension 'ignore'
[0.746s] Level 1:colcon.colcon_core.package_identification:_identify(log) ignored
[0.746s] Level 1:colcon.colcon_core.package_identification:_identify(maps) by extensions ['ignore', 'ignore_ament_install']
[0.746s] Level 1:colcon.colcon_core.package_identification:_identify(maps) by extension 'ignore'
[0.746s] Level 1:colcon.colcon_core.package_identification:_identify(maps) by extension 'ignore_ament_install'
[0.746s] Level 1:colcon.colcon_core.package_identification:_identify(maps) by extensions ['colcon_pkg']
[0.746s] Level 1:colcon.colcon_core.package_identification:_identify(maps) by extension 'colcon_pkg'
[0.746s] Level 1:colcon.colcon_core.package_identification:_identify(maps) by extensions ['colcon_meta']
[0.746s] Level 1:colcon.colcon_core.package_identification:_identify(maps) by extension 'colcon_meta'
[0.746s] Level 1:colcon.colcon_core.package_identification:_identify(maps) by extensions ['ros']
[0.746s] Level 1:colcon.colcon_core.package_identification:_identify(maps) by extension 'ros'
[0.746s] Level 1:colcon.colcon_core.package_identification:_identify(maps) by extensions ['cmake', 'python']
[0.746s] Level 1:colcon.colcon_core.package_identification:_identify(maps) by extension 'cmake'
[0.746s] Level 1:colcon.colcon_core.package_identification:_identify(maps) by extension 'python'
[0.746s] Level 1:colcon.colcon_core.package_identification:_identify(maps) by extensions ['python_setup_py']
[0.746s] Level 1:colcon.colcon_core.package_identification:_identify(maps) by extension 'python_setup_py'
[0.746s] Level 1:colcon.colcon_core.package_identification:_identify(src) by extensions ['ignore', 'ignore_ament_install']
[0.746s] Level 1:colcon.colcon_core.package_identification:_identify(src) by extension 'ignore'
[0.746s] Level 1:colcon.colcon_core.package_identification:_identify(src) by extension 'ignore_ament_install'
[0.746s] Level 1:colcon.colcon_core.package_identification:_identify(src) by extensions ['colcon_pkg']
[0.746s] Level 1:colcon.colcon_core.package_identification:_identify(src) by extension 'colcon_pkg'
[0.746s] Level 1:colcon.colcon_core.package_identification:_identify(src) by extensions ['colcon_meta']
[0.746s] Level 1:colcon.colcon_core.package_identification:_identify(src) by extension 'colcon_meta'
[0.746s] Level 1:colcon.colcon_core.package_identification:_identify(src) by extensions ['ros']
[0.746s] Level 1:colcon.colcon_core.package_identification:_identify(src) by extension 'ros'
[0.746s] Level 1:colcon.colcon_core.package_identification:_identify(src) by extensions ['cmake', 'python']
[0.746s] Level 1:colcon.colcon_core.package_identification:_identify(src) by extension 'cmake'
[0.747s] Level 1:colcon.colcon_core.package_identification:_identify(src) by extension 'python'
[0.747s] Level 1:colcon.colcon_core.package_identification:_identify(src) by extensions ['python_setup_py']
[0.747s] Level 1:colcon.colcon_core.package_identification:_identify(src) by extension 'python_setup_py'
[0.747s] Level 1:colcon.colcon_core.package_identification:_identify(src/scuttle_description_ros2) by extensions ['ignore', 'ignore_ament_install']
[0.747s] Level 1:colcon.colcon_core.package_identification:_identify(src/scuttle_description_ros2) by extension 'ignore'
[0.747s] Level 1:colcon.colcon_core.package_identification:_identify(src/scuttle_description_ros2) by extension 'ignore_ament_install'
[0.747s] Level 1:colcon.colcon_core.package_identification:_identify(src/scuttle_description_ros2) by extensions ['colcon_pkg']
[0.747s] Level 1:colcon.colcon_core.package_identification:_identify(src/scuttle_description_ros2) by extension 'colcon_pkg'
[0.747s] Level 1:colcon.colcon_core.package_identification:_identify(src/scuttle_description_ros2) by extensions ['colcon_meta']
[0.747s] Level 1:colcon.colcon_core.package_identification:_identify(src/scuttle_description_ros2) by extension 'colcon_meta'
[0.747s] Level 1:colcon.colcon_core.package_identification:_identify(src/scuttle_description_ros2) by extensions ['ros']
[0.747s] Level 1:colcon.colcon_core.package_identification:_identify(src/scuttle_description_ros2) by extension 'ros'
[0.751s] DEBUG:colcon.colcon_core.package_identification:Package 'src/scuttle_description_ros2' with type 'ros.ament_cmake' and name 'scuttle_description_ros2'
[0.751s] Level 1:colcon.colcon_core.package_identification:_identify(src/scuttle_gazebo_ros2) by extensions ['ignore', 'ignore_ament_install']
[0.751s] Level 1:colcon.colcon_core.package_identification:_identify(src/scuttle_gazebo_ros2) by extension 'ignore'
[0.751s] Level 1:colcon.colcon_core.package_identification:_identify(src/scuttle_gazebo_ros2) by extension 'ignore_ament_install'
[0.751s] Level 1:colcon.colcon_core.package_identification:_identify(src/scuttle_gazebo_ros2) by extensions ['colcon_pkg']
[0.751s] Level 1:colcon.colcon_core.package_identification:_identify(src/scuttle_gazebo_ros2) by extension 'colcon_pkg'
[0.751s] Level 1:colcon.colcon_core.package_identification:_identify(src/scuttle_gazebo_ros2) by extensions ['colcon_meta']
[0.751s] Level 1:colcon.colcon_core.package_identification:_identify(src/scuttle_gazebo_ros2) by extension 'colcon_meta'
[0.751s] Level 1:colcon.colcon_core.package_identification:_identify(src/scuttle_gazebo_ros2) by extensions ['ros']
[0.751s] Level 1:colcon.colcon_core.package_identification:_identify(src/scuttle_gazebo_ros2) by extension 'ros'
[0.752s] DEBUG:colcon.colcon_core.package_identification:Package 'src/scuttle_gazebo_ros2' with type 'ros.ament_cmake' and name 'scuttle_gazebo_ros2'
[0.752s] Level 1:colcon.colcon_core.package_identification:_identify(src/scuttle_navigation2) by extensions ['ignore', 'ignore_ament_install']
[0.752s] Level 1:colcon.colcon_core.package_identification:_identify(src/scuttle_navigation2) by extension 'ignore'
[0.752s] Level 1:colcon.colcon_core.package_identification:_identify(src/scuttle_navigation2) by extension 'ignore_ament_install'
[0.752s] Level 1:colcon.colcon_core.package_identification:_identify(src/scuttle_navigation2) by extensions ['colcon_pkg']
[0.752s] Level 1:colcon.colcon_core.package_identification:_identify(src/scuttle_navigation2) by extension 'colcon_pkg'
[0.752s] Level 1:colcon.colcon_core.package_identification:_identify(src/scuttle_navigation2) by extensions ['colcon_meta']
[0.752s] Level 1:colcon.colcon_core.package_identification:_identify(src/scuttle_navigation2) by extension 'colcon_meta'
[0.752s] Level 1:colcon.colcon_core.package_identification:_identify(src/scuttle_navigation2) by extensions ['ros']
[0.752s] Level 1:colcon.colcon_core.package_identification:_identify(src/scuttle_navigation2) by extension 'ros'
[0.752s] DEBUG:colcon.colcon_core.package_identification:Package 'src/scuttle_navigation2' with type 'ros.ament_cmake' and name 'scuttle_navigation2'
[0.752s] Level 1:colcon.colcon_core.package_discovery:discover_packages(recursive) using defaults
[0.753s] Level 1:colcon.colcon_core.package_discovery:discover_packages(ignore) discover
[0.753s] Level 1:colcon.colcon_core.package_discovery:discover_packages(ignore) using defaults
[0.753s] Level 1:colcon.colcon_core.package_discovery:discover_packages(path) discover
[0.753s] Level 1:colcon.colcon_core.package_discovery:discover_packages(path) using defaults
[0.778s] Level 1:colcon.colcon_core.package_discovery:discover_packages(prefix_path) check parameters
[0.778s] Level 1:colcon.colcon_core.package_discovery:discover_packages(prefix_path) discover
[0.789s] DEBUG:colcon.colcon_installed_package_information.package_discovery:Found 16 installed packages in /home/b24me1066/turtlebot3_ws/install
[0.790s] DEBUG:colcon.colcon_installed_package_information.package_discovery:Found 446 installed packages in /opt/ros/humble
[0.793s] Level 1:colcon.colcon_core.package_discovery:discover_packages(prefix_path) using defaults
[0.850s] Level 5:colcon.colcon_core.verb:set package 'scuttle_description_ros2' build argument 'cmake_args' from command line to 'None'
[0.850s] Level 5:colcon.colcon_core.verb:set package 'scuttle_description_ros2' build argument 'cmake_target' from command line to 'None'
[0.850s] Level 5:colcon.colcon_core.verb:set package 'scuttle_description_ros2' build argument 'cmake_target_skip_unavailable' from command line to 'False'
[0.850s] Level 5:colcon.colcon_core.verb:set package 'scuttle_description_ros2' build argument 'cmake_clean_cache' from command line to 'False'
[0.850s] Level 5:colcon.colcon_core.verb:set package 'scuttle_description_ros2' build argument 'cmake_clean_first' from command line to 'False'
[0.850s] Level 5:colcon.colcon_core.verb:set package 'scuttle_description_ros2' build argument 'cmake_force_configure' from command line to 'False'
[0.850s] Level 5:colcon.colcon_core.verb:set package 'scuttle_description_ros2' build argument 'ament_cmake_args' from command line to 'None'
[0.850s] Level 5:colcon.colcon_core.verb:set package 'scuttle_description_ros2' build argument 'catkin_cmake_args' from command line to 'None'
[0.850s] Level 5:colcon.colcon_core.verb:set package 'scuttle_description_ros2' build argument 'catkin_skip_building_tests' from command line to 'False'
[0.850s] DEBUG:colcon.colcon_core.verb:Building package 'scuttle_description_ros2' with the following arguments: {'ament_cmake_args': None, 'build_base': '/home/b24me1066/Warehouse_Simulation/build/scuttle_description_ros2', 'catkin_cmake_args': None, 'catkin_skip_building_tests': False, 'cmake_args': None, 'cmake_clean_cache': False, 'cmake_clean_first': False, 'cmake_force_configure': False, 'cmake_target': None, 'cmake_target_skip_unavailable': False, 'install_base': '/home/b24me1066/Warehouse_Simulation/install/scuttle_description_ros2', 'merge_install': False, 'path': '/home/b24me1066/Warehouse_Simulation/src/scuttle_description_ros2', 'symlink_install': True, 'test_result_base': None}
[0.850s] Level 5:colcon.colcon_core.verb:set package 'scuttle_navigation2' build argument 'cmake_args' from command line to 'None'
[0.850s] Level 5:colcon.colcon_core.verb:set package 'scuttle_navigation2' build argument 'cmake_target' from command line to 'None'
[0.850s] Level 5:colcon.colcon_core.verb:set package 'scuttle_navigation2' build argument 'cmake_target_skip_unavailable' from command line to 'False'
[0.850s] Level 5:colcon.colcon_core.verb:set package 'scuttle_navigation2' build argument 'cmake_clean_cache' from command line to 'False'
[0.850s] Level 5:colcon.colcon_core.verb:set package 'scuttle_navigation2' build argument 'cmake_clean_first' from command line to 'False'
[0.850s] Level 5:colcon.colcon_core.verb:set package 'scuttle_navigation2' build argument 'cmake_force_configure' from command line to 'False'
[0.850s] Level 5:colcon.colcon_core.verb:set package 'scuttle_navigation2' build argument 'ament_cmake_args' from command line to 'None'
[0.850s] Level 5:colcon.colcon_core.verb:set package 'scuttle_navigation2' build argument 'catkin_cmake_args' from command line to 'None'
[0.850s] Level 5:colcon.colcon_core.verb:set package 'scuttle_navigation2' build argument 'catkin_skip_building_tests' from command line to 'False'
[0.850s] DEBUG:colcon.colcon_core.verb:Building package 'scuttle_navigation2' with the following arguments: {'ament_cmake_args': None, 'build_base': '/home/b24me1066/Warehouse_Simulation/build/scuttle_navigation2', 'catkin_cmake_args': None, 'catkin_skip_building_tests': False, 'cmake_args': None, 'cmake_clean_cache': False, 'cmake_clean_first': False, 'cmake_force_configure': False, 'cmake_target': None, 'cmake_target_skip_unavailable': False, 'install_base': '/home/b24me1066/Warehouse_Simulation/install/scuttle_navigation2', 'merge_install': False, 'path': '/home/b24me1066/Warehouse_Simulation/src/scuttle_navigation2', 'symlink_install': True, 'test_result_base': None}
[0.851s] Level 5:colcon.colcon_core.verb:set package 'scuttle_gazebo_ros2' build argument 'cmake_args' from command line to 'None'
[0.851s] Level 5:colcon.colcon_core.verb:set package 'scuttle_gazebo_ros2' build argument 'cmake_target' from command line to 'None'
[0.851s] Level 5:colcon.colcon_core.verb:set package 'scuttle_gazebo_ros2' build argument 'cmake_target_skip_unavailable' from command line to 'False'
[0.851s] Level 5:colcon.colcon_core.verb:set package 'scuttle_gazebo_ros2' build argument 'cmake_clean_cache' from command line to 'False'
[0.851s] Level 5:colcon.colcon_core.verb:set package 'scuttle_gazebo_ros2' build argument 'cmake_clean_first' from command line to 'False'
[0.851s] Level 5:colcon.colcon_core.verb:set package 'scuttle_gazebo_ros2' build argument 'cmake_force_configure' from command line to 'False'
[0.851s] Level 5:colcon.colcon_core.verb:set package 'scuttle_gazebo_ros2' build argument 'ament_cmake_args' from command line to 'None'
[0.851s] Level 5:colcon.colcon_core.verb:set package 'scuttle_gazebo_ros2' build argument 'catkin_cmake_args' from command line to 'None'
[0.851s] Level 5:colcon.colcon_core.verb:set package 'scuttle_gazebo_ros2' build argument 'catkin_skip_building_tests' from command line to 'False'
[0.851s] DEBUG:colcon.colcon_core.verb:Building package 'scuttle_gazebo_ros2' with the following arguments: {'ament_cmake_args': None, 'build_base': '/home/b24me1066/Warehouse_Simulation/build/scuttle_gazebo_ros2', 'catkin_cmake_args': None, 'catkin_skip_building_tests': False, 'cmake_args': None, 'cmake_clean_cache': False, 'cmake_clean_first': False, 'cmake_force_configure': False, 'cmake_target': None, 'cmake_target_skip_unavailable': False, 'install_base': '/home/b24me1066/Warehouse_Simulation/install/scuttle_gazebo_ros2', 'merge_install': False, 'path': '/home/b24me1066/Warehouse_Simulation/src/scuttle_gazebo_ros2', 'symlink_install': True, 'test_result_base': None}
[0.851s] INFO:colcon.colcon_core.executor:Executing jobs using 'parallel' executor
[0.852s] DEBUG:colcon.colcon_parallel_executor.executor.parallel:run_until_complete
[0.852s] INFO:colcon.colcon_ros.task.ament_cmake.build:Building ROS package in '/home/b24me1066/Warehouse_Simulation/src/scuttle_description_ros2' with build type 'ament_cmake'
[0.852s] INFO:colcon.colcon_cmake.task.cmake.build:Building CMake package in '/home/b24me1066/Warehouse_Simulation/src/scuttle_description_ros2'
[0.858s] INFO:colcon.colcon_core.plugin_system:Skipping extension 'colcon_core.shell.bat': Not used on non-Windows systems
[0.858s] INFO:colcon.colcon_core.shell:Skip shell extension 'powershell' for command environment: Not usable outside of PowerShell
[0.858s] DEBUG:colcon.colcon_core.shell:Skip shell extension 'dsv' for command environment
[0.862s] INFO:colcon.colcon_ros.task.ament_cmake.build:Building ROS package in '/home/b24me1066/Warehouse_Simulation/src/scuttle_navigation2' with build type 'ament_cmake'
[0.862s] INFO:colcon.colcon_cmake.task.cmake.build:Building CMake package in '/home/b24me1066/Warehouse_Simulation/src/scuttle_navigation2'
[0.863s] INFO:colcon.colcon_core.shell:Skip shell extension 'powershell' for command environment: Not usable outside of PowerShell
[0.863s] DEBUG:colcon.colcon_core.shell:Skip shell extension 'dsv' for command environment
[0.871s] DEBUG:colcon.colcon_core.event_handler.log_command:Invoking command in '/home/b24me1066/Warehouse_Simulation/build/scuttle_description_ros2': CMAKE_PREFIX_PATH=${CMAKE_PREFIX_PATH}:/home/b24me1066/turtlebot3_ws/install/turtlebot3_teleop:/home/b24me1066/turtlebot3_ws/install/turtlebot3_example:/opt/ros/humble /usr/bin/cmake /home/b24me1066/Warehouse_Simulation/src/scuttle_description_ros2 -DAMENT_CMAKE_SYMLINK_INSTALL=1 -DCMAKE_INSTALL_PREFIX=/home/b24me1066/Warehouse_Simulation/install/scuttle_description_ros2
[0.874s] DEBUG:colcon.colcon_core.event_handler.log_command:Invoking command in '/home/b24me1066/Warehouse_Simulation/build/scuttle_navigation2': CMAKE_PREFIX_PATH=${CMAKE_PREFIX_PATH}:/home/b24me1066/turtlebot3_ws/install/turtlebot3_teleop:/home/b24me1066/turtlebot3_ws/install/turtlebot3_example:/opt/ros/humble /usr/bin/cmake /home/b24me1066/Warehouse_Simulation/src/scuttle_navigation2 -DAMENT_CMAKE_SYMLINK_INSTALL=1 -DCMAKE_INSTALL_PREFIX=/home/b24me1066/Warehouse_Simulation/install/scuttle_navigation2
[1.630s] DEBUG:colcon.colcon_core.event_handler.log_command:Invoked command in '/home/b24me1066/Warehouse_Simulation/build/scuttle_navigation2' returned '0': CMAKE_PREFIX_PATH=${CMAKE_PREFIX_PATH}:/home/b24me1066/turtlebot3_ws/install/turtlebot3_teleop:/home/b24me1066/turtlebot3_ws/install/turtlebot3_example:/opt/ros/humble /usr/bin/cmake /home/b24me1066/Warehouse_Simulation/src/scuttle_navigation2 -DAMENT_CMAKE_SYMLINK_INSTALL=1 -DCMAKE_INSTALL_PREFIX=/home/b24me1066/Warehouse_Simulation/install/scuttle_navigation2
[1.631s] DEBUG:colcon.colcon_core.event_handler.log_command:Invoking command in '/home/b24me1066/Warehouse_Simulation/build/scuttle_navigation2': CMAKE_PREFIX_PATH=${CMAKE_PREFIX_PATH}:/home/b24me1066/turtlebot3_ws/install/turtlebot3_teleop:/home/b24me1066/turtlebot3_ws/install/turtlebot3_example:/opt/ros/humble /usr/bin/cmake --build /home/b24me1066/Warehouse_Simulation/build/scuttle_navigation2 -- -j4 -l4
[1.633s] DEBUG:colcon.colcon_core.event_handler.log_command:Invoked command in '/home/b24me1066/Warehouse_Simulation/build/scuttle_description_ros2' returned '0': CMAKE_PREFIX_PATH=${CMAKE_PREFIX_PATH}:/home/b24me1066/turtlebot3_ws/install/turtlebot3_teleop:/home/b24me1066/turtlebot3_ws/install/turtlebot3_example:/opt/ros/humble /usr/bin/cmake /home/b24me1066/Warehouse_Simulation/src/scuttle_description_ros2 -DAMENT_CMAKE_SYMLINK_INSTALL=1 -DCMAKE_INSTALL_PREFIX=/home/b24me1066/Warehouse_Simulation/install/scuttle_description_ros2
[1.634s] DEBUG:colcon.colcon_core.event_handler.log_command:Invoking command in '/home/b24me1066/Warehouse_Simulation/build/scuttle_description_ros2': CMAKE_PREFIX_PATH=${CMAKE_PREFIX_PATH}:/home/b24me1066/turtlebot3_ws/install/turtlebot3_teleop:/home/b24me1066/turtlebot3_ws/install/turtlebot3_example:/opt/ros/humble /usr/bin/cmake --build /home/b24me1066/Warehouse_Simulation/build/scuttle_description_ros2 -- -j4 -l4
[1.663s] DEBUG:colcon.colcon_core.event_handler.log_command:Invoked command in '/home/b24me1066/Warehouse_Simulation/build/scuttle_navigation2' returned '0': CMAKE_PREFIX_PATH=${CMAKE_PREFIX_PATH}:/home/b24me1066/turtlebot3_ws/install/turtlebot3_teleop:/home/b24me1066/turtlebot3_ws/install/turtlebot3_example:/opt/ros/humble /usr/bin/cmake --build /home/b24me1066/Warehouse_Simulation/build/scuttle_navigation2 -- -j4 -l4
[1.672s] DEBUG:colcon.colcon_core.event_handler.log_command:Invoking command in '/home/b24me1066/Warehouse_Simulation/build/scuttle_navigation2': CMAKE_PREFIX_PATH=${CMAKE_PREFIX_PATH}:/home/b24me1066/turtlebot3_ws/install/turtlebot3_teleop:/home/b24me1066/turtlebot3_ws/install/turtlebot3_example:/opt/ros/humble /usr/bin/cmake --install /home/b24me1066/Warehouse_Simulation/build/scuttle_navigation2
[1.674s] DEBUG:colcon.colcon_core.event_handler.log_command:Invoked command in '/home/b24me1066/Warehouse_Simulation/build/scuttle_description_ros2' returned '0': CMAKE_PREFIX_PATH=${CMAKE_PREFIX_PATH}:/home/b24me1066/turtlebot3_ws/install/turtlebot3_teleop:/home/b24me1066/turtlebot3_ws/install/turtlebot3_example:/opt/ros/humble /usr/bin/cmake --build /home/b24me1066/Warehouse_Simulation/build/scuttle_description_ros2 -- -j4 -l4
[1.676s] DEBUG:colcon.colcon_core.event_handler.log_command:Invoking command in '/home/b24me1066/Warehouse_Simulation/build/scuttle_description_ros2': CMAKE_PREFIX_PATH=${CMAKE_PREFIX_PATH}:/home/b24me1066/turtlebot3_ws/install/turtlebot3_teleop:/home/b24me1066/turtlebot3_ws/install/turtlebot3_example:/opt/ros/humble /usr/bin/cmake --install /home/b24me1066/Warehouse_Simulation/build/scuttle_description_ros2
[1.948s] Level 1:colcon.colcon_core.environment:create_environment_scripts_only(scuttle_description_ros2)
[1.949s] DEBUG:colcon.colcon_core.event_handler.log_command:Invoked command in '/home/b24me1066/Warehouse_Simulation/build/scuttle_description_ros2' returned '0': CMAKE_PREFIX_PATH=${CMAKE_PREFIX_PATH}:/home/b24me1066/turtlebot3_ws/install/turtlebot3_teleop:/home/b24me1066/turtlebot3_ws/install/turtlebot3_example:/opt/ros/humble /usr/bin/cmake --install /home/b24me1066/Warehouse_Simulation/build/scuttle_description_ros2
[1.957s] Level 1:colcon.colcon_core.environment:checking '/home/b24me1066/Warehouse_Simulation/install/scuttle_description_ros2' for CMake module files
[1.957s] Level 1:colcon.colcon_core.environment:checking '/home/b24me1066/Warehouse_Simulation/install/scuttle_description_ros2' for CMake config files
[1.958s] Level 1:colcon.colcon_core.shell:create_environment_hook('scuttle_description_ros2', 'cmake_prefix_path')
[1.958s] INFO:colcon.colcon_core.shell:Creating environment hook '/home/b24me1066/Warehouse_Simulation/install/scuttle_description_ros2/share/scuttle_description_ros2/hook/cmake_prefix_path.ps1'
[1.959s] INFO:colcon.colcon_core.shell:Creating environment descriptor '/home/b24me1066/Warehouse_Simulation/install/scuttle_description_ros2/share/scuttle_description_ros2/hook/cmake_prefix_path.dsv'
[1.960s] INFO:colcon.colcon_core.shell:Creating environment hook '/home/b24me1066/Warehouse_Simulation/install/scuttle_description_ros2/share/scuttle_description_ros2/hook/cmake_prefix_path.sh'
[1.960s] Level 1:colcon.colcon_core.environment:checking '/home/b24me1066/Warehouse_Simulation/install/scuttle_description_ros2/bin'
[1.961s] Level 1:colcon.colcon_core.environment:checking '/home/b24me1066/Warehouse_Simulation/install/scuttle_description_ros2/lib/pkgconfig/scuttle_description_ros2.pc'
[1.961s] Level 1:colcon.colcon_core.environment:checking '/home/b24me1066/Warehouse_Simulation/install/scuttle_description_ros2/lib/python3.10/site-packages'
[1.961s] Level 1:colcon.colcon_core.environment:checking '/home/b24me1066/Warehouse_Simulation/install/scuttle_description_ros2/bin'
[1.961s] INFO:colcon.colcon_core.shell:Creating package script '/home/b24me1066/Warehouse_Simulation/install/scuttle_description_ros2/share/scuttle_description_ros2/package.ps1'
[1.962s] INFO:colcon.colcon_core.shell:Creating package descriptor '/home/b24me1066/Warehouse_Simulation/install/scuttle_description_ros2/share/scuttle_description_ros2/package.dsv'
[1.963s] INFO:colcon.colcon_core.shell:Creating package script '/home/b24me1066/Warehouse_Simulation/install/scuttle_description_ros2/share/scuttle_description_ros2/package.sh'
[1.964s] INFO:colcon.colcon_core.shell:Creating package script '/home/b24me1066/Warehouse_Simulation/install/scuttle_description_ros2/share/scuttle_description_ros2/package.bash'
[1.965s] INFO:colcon.colcon_core.shell:Creating package script '/home/b24me1066/Warehouse_Simulation/install/scuttle_description_ros2/share/scuttle_description_ros2/package.zsh'
[1.966s] Level 1:colcon.colcon_core.environment:create_file_with_runtime_dependencies(/home/b24me1066/Warehouse_Simulation/install/scuttle_description_ros2/share/colcon-core/packages/scuttle_description_ros2)
[1.967s] Level 1:colcon.colcon_core.environment:create_environment_scripts_only(scuttle_description_ros2)
[1.967s] Level 1:colcon.colcon_core.environment:checking '/home/b24me1066/Warehouse_Simulation/install/scuttle_description_ros2' for CMake module files
[1.967s] Level 1:colcon.colcon_core.environment:checking '/home/b24me1066/Warehouse_Simulation/install/scuttle_description_ros2' for CMake config files
[1.967s] Level 1:colcon.colcon_core.shell:create_environment_hook('scuttle_description_ros2', 'cmake_prefix_path')
[1.967s] INFO:colcon.colcon_core.shell:Creating environment hook '/home/b24me1066/Warehouse_Simulation/install/scuttle_description_ros2/share/scuttle_description_ros2/hook/cmake_prefix_path.ps1'
[1.968s] INFO:colcon.colcon_core.shell:Creating environment descriptor '/home/b24me1066/Warehouse_Simulation/install/scuttle_description_ros2/share/scuttle_description_ros2/hook/cmake_prefix_path.dsv'
[1.968s] INFO:colcon.colcon_core.shell:Creating environment hook '/home/b24me1066/Warehouse_Simulation/install/scuttle_description_ros2/share/scuttle_description_ros2/hook/cmake_prefix_path.sh'
[1.968s] Level 1:colcon.colcon_core.environment:checking '/home/b24me1066/Warehouse_Simulation/install/scuttle_description_ros2/bin'
[1.968s] Level 1:colcon.colcon_core.environment:checking '/home/b24me1066/Warehouse_Simulation/install/scuttle_description_ros2/lib/pkgconfig/scuttle_description_ros2.pc'
[1.969s] Level 1:colcon.colcon_core.environment:checking '/home/b24me1066/Warehouse_Simulation/install/scuttle_description_ros2/lib/python3.10/site-packages'
[1.969s] Level 1:colcon.colcon_core.environment:checking '/home/b24me1066/Warehouse_Simulation/install/scuttle_description_ros2/bin'
[1.969s] INFO:colcon.colcon_core.shell:Creating package script '/home/b24me1066/Warehouse_Simulation/install/scuttle_description_ros2/share/scuttle_description_ros2/package.ps1'
[1.970s] INFO:colcon.colcon_core.shell:Creating package descriptor '/home/b24me1066/Warehouse_Simulation/install/scuttle_description_ros2/share/scuttle_description_ros2/package.dsv'
[1.970s] INFO:colcon.colcon_core.shell:Creating package script '/home/b24me1066/Warehouse_Simulation/install/scuttle_description_ros2/share/scuttle_description_ros2/package.sh'
[1.970s] INFO:colcon.colcon_core.shell:Creating package script '/home/b24me1066/Warehouse_Simulation/install/scuttle_description_ros2/share/scuttle_description_ros2/package.bash'
[1.971s] INFO:colcon.colcon_core.shell:Creating package script '/home/b24me1066/Warehouse_Simulation/install/scuttle_description_ros2/share/scuttle_description_ros2/package.zsh'
[1.971s] Level 1:colcon.colcon_core.environment:create_file_with_runtime_dependencies(/home/b24me1066/Warehouse_Simulation/install/scuttle_description_ros2/share/colcon-core/packages/scuttle_description_ros2)
[1.971s] INFO:colcon.colcon_ros.task.ament_cmake.build:Building ROS package in '/home/b24me1066/Warehouse_Simulation/src/scuttle_gazebo_ros2' with build type 'ament_cmake'
[1.971s] INFO:colcon.colcon_cmake.task.cmake.build:Building CMake package in '/home/b24me1066/Warehouse_Simulation/src/scuttle_gazebo_ros2'
[1.972s] INFO:colcon.colcon_core.shell:Skip shell extension 'powershell' for command environment: Not usable outside of PowerShell
[1.972s] DEBUG:colcon.colcon_core.shell:Skip shell extension 'dsv' for command environment
[1.982s] DEBUG:colcon.colcon_core.event_handler.log_command:Invoking command in '/home/b24me1066/Warehouse_Simulation/build/scuttle_gazebo_ros2': AMENT_PREFIX_PATH=/home/b24me1066/Warehouse_Simulation/install/scuttle_description_ros2:${AMENT_PREFIX_PATH} CMAKE_PREFIX_PATH=/home/b24me1066/Warehouse_Simulation/install/scuttle_description_ros2:/home/b24me1066/turtlebot3_ws/install/turtlebot3:/home/b24me1066/turtlebot3_ws/install/turtlebot3_simulations:/home/b24me1066/turtlebot3_ws/install/turtlebot3_bringup:/home/b24me1066/turtlebot3_ws/install/turtlebot3_node:/home/b24me1066/turtlebot3_ws/install/turtlebot3_navigation2:/home/b24me1066/turtlebot3_ws/install/turtlebot3_fake_node:/home/b24me1066/turtlebot3_ws/install/turtlebot3_msgs:/home/b24me1066/turtlebot3_ws/install/turtlebot3_manipulation_gazebo:/home/b24me1066/turtlebot3_ws/install/turtlebot3_gazebo:/home/b24me1066/turtlebot3_ws/install/turtlebot3_description:/home/b24me1066/turtlebot3_ws/install/turtlebot3_cartographer:/home/b24me1066/turtlebot3_ws/install/dynamixel_sdk_examples:/home/b24me1066/turtlebot3_ws/install/dynamixel_sdk_custom_interfaces:/home/b24me1066/turtlebot3_ws/install/dynamixel_sdk:/home/b24me1066/turtlebot3_ws/install/turtlebot3_teleop:/home/b24me1066/turtlebot3_ws/install/turtlebot3_example:/opt/ros/humble /usr/bin/cmake /home/b24me1066/Warehouse_Simulation/src/scuttle_gazebo_ros2 -DAMENT_CMAKE_SYMLINK_INSTALL=1 -DCMAKE_INSTALL_PREFIX=/home/b24me1066/Warehouse_Simulation/install/scuttle_gazebo_ros2
[2.021s] Level 1:colcon.colcon_core.environment:create_environment_scripts_only(scuttle_navigation2)
[2.021s] Level 1:colcon.colcon_core.environment:checking '/home/b24me1066/Warehouse_Simulation/install/scuttle_navigation2' for CMake module files
[2.022s] DEBUG:colcon.colcon_core.event_handler.log_command:Invoked command in '/home/b24me1066/Warehouse_Simulation/build/scuttle_navigation2' returned '0': CMAKE_PREFIX_PATH=${CMAKE_PREFIX_PATH}:/home/b24me1066/turtlebot3_ws/install/turtlebot3_teleop:/home/b24me1066/turtlebot3_ws/install/turtlebot3_example:/opt/ros/humble /usr/bin/cmake --install /home/b24me1066/Warehouse_Simulation/build/scuttle_navigation2
[2.022s] Level 1:colcon.colcon_core.environment:checking '/home/b24me1066/Warehouse_Simulation/install/scuttle_navigation2' for CMake config files
[2.022s] Level 1:colcon.colcon_core.shell:create_environment_hook('scuttle_navigation2', 'cmake_prefix_path')
[2.023s] INFO:colcon.colcon_core.shell:Creating environment hook '/home/b24me1066/Warehouse_Simulation/install/scuttle_navigation2/share/scuttle_navigation2/hook/cmake_prefix_path.ps1'
[2.023s] INFO:colcon.colcon_core.shell:Creating environment descriptor '/home/b24me1066/Warehouse_Simulation/install/scuttle_navigation2/share/scuttle_navigation2/hook/cmake_prefix_path.dsv'
[2.023s] INFO:colcon.colcon_core.shell:Creating environment hook '/home/b24me1066/Warehouse_Simulation/install/scuttle_navigation2/share/scuttle_navigation2/hook/cmake_prefix_path.sh'
[2.023s] Level 1:colcon.colcon_core.environment:checking '/home/b24me1066/Warehouse_Simulation/install/scuttle_navigation2/lib'
[2.024s] Level 1:colcon.colcon_core.environment:checking '/home/b24me1066/Warehouse_Simulation/install/scuttle_navigation2/bin'
[2.024s] Level 1:colcon.colcon_core.environment:checking '/home/b24me1066/Warehouse_Simulation/install/scuttle_navigation2/lib/pkgconfig/scuttle_navigation2.pc'
[2.024s] Level 1:colcon.colcon_core.environment:checking '/home/b24me1066/Warehouse_Simulation/install/scuttle_navigation2/lib/python3.10/site-packages'
[2.024s] Level 1:colcon.colcon_core.environment:checking '/home/b24me1066/Warehouse_Simulation/install/scuttle_navigation2/bin'
[2.024s] INFO:colcon.colcon_core.shell:Creating package script '/home/b24me1066/Warehouse_Simulation/install/scuttle_navigation2/share/scuttle_navigation2/package.ps1'
[2.025s] INFO:colcon.colcon_core.shell:Creating package descriptor '/home/b24me1066/Warehouse_Simulation/install/scuttle_navigation2/share/scuttle_navigation2/package.dsv'
[2.025s] INFO:colcon.colcon_core.shell:Creating package script '/home/b24me1066/Warehouse_Simulation/install/scuttle_navigation2/share/scuttle_navigation2/package.sh'
[2.025s] INFO:colcon.colcon_core.shell:Creating package script '/home/b24me1066/Warehouse_Simulation/install/scuttle_navigation2/share/scuttle_navigation2/package.bash'
[2.025s] INFO:colcon.colcon_core.shell:Creating package script '/home/b24me1066/Warehouse_Simulation/install/scuttle_navigation2/share/scuttle_navigation2/package.zsh'
[2.025s] Level 1:colcon.colcon_core.environment:create_file_with_runtime_dependencies(/home/b24me1066/Warehouse_Simulation/install/scuttle_navigation2/share/colcon-core/packages/scuttle_navigation2)
[2.026s] Level 1:colcon.colcon_core.environment:create_environment_scripts_only(scuttle_navigation2)
[2.026s] Level 1:colcon.colcon_core.environment:checking '/home/b24me1066/Warehouse_Simulation/install/scuttle_navigation2' for CMake module files
[2.027s] Level 1:colcon.colcon_core.environment:checking '/home/b24me1066/Warehouse_Simulation/install/scuttle_navigation2' for CMake config files
[2.027s] Level 1:colcon.colcon_core.shell:create_environment_hook('scuttle_navigation2', 'cmake_prefix_path')
[2.027s] INFO:colcon.colcon_core.shell:Creating environment hook '/home/b24me1066/Warehouse_Simulation/install/scuttle_navigation2/share/scuttle_navigation2/hook/cmake_prefix_path.ps1'
[2.027s] INFO:colcon.colcon_core.shell:Creating environment descriptor '/home/b24me1066/Warehouse_Simulation/install/scuttle_navigation2/share/scuttle_navigation2/hook/cmake_prefix_path.dsv'
[2.028s] INFO:colcon.colcon_core.shell:Creating environment hook '/home/b24me1066/Warehouse_Simulation/install/scuttle_navigation2/share/scuttle_navigation2/hook/cmake_prefix_path.sh'
[2.028s] Level 1:colcon.colcon_core.environment:checking '/home/b24me1066/Warehouse_Simulation/install/scuttle_navigation2/lib'
[2.028s] Level 1:colcon.colcon_core.environment:checking '/home/b24me1066/Warehouse_Simulation/install/scuttle_navigation2/bin'
[2.028s] Level 1:colcon.colcon_core.environment:checking '/home/b24me1066/Warehouse_Simulation/install/scuttle_navigation2/lib/pkgconfig/scuttle_navigation2.pc'
[2.028s] Level 1:colcon.colcon_core.environment:checking '/home/b24me1066/Warehouse_Simulation/install/scuttle_navigation2/lib/python3.10/site-packages'
[2.029s] Level 1:colcon.colcon_core.environment:checking '/home/b24me1066/Warehouse_Simulation/install/scuttle_navigation2/bin'
[2.029s] INFO:colcon.colcon_core.shell:Creating package script '/home/b24me1066/Warehouse_Simulation/install/scuttle_navigation2/share/scuttle_navigation2/package.ps1'
[2.029s] INFO:colcon.colcon_core.shell:Creating package descriptor '/home/b24me1066/Warehouse_Simulation/install/scuttle_navigation2/share/scuttle_navigation2/package.dsv'
[2.030s] INFO:colcon.colcon_core.shell:Creating package script '/home/b24me1066/Warehouse_Simulation/install/scuttle_navigation2/share/scuttle_navigation2/package.sh'
[2.030s] INFO:colcon.colcon_core.shell:Creating package script '/home/b24me1066/Warehouse_Simulation/install/scuttle_navigation2/share/scuttle_navigation2/package.bash'
[2.031s] INFO:colcon.colcon_core.shell:Creating package script '/home/b24me1066/Warehouse_Simulation/install/scuttle_navigation2/share/scuttle_navigation2/package.zsh'
[2.031s] Level 1:colcon.colcon_core.environment:create_file_with_runtime_dependencies(/home/b24me1066/Warehouse_Simulation/install/scuttle_navigation2/share/colcon-core/packages/scuttle_navigation2)
[2.511s] DEBUG:colcon.colcon_core.event_handler.log_command:Invoked command in '/home/b24me1066/Warehouse_Simulation/build/scuttle_gazebo_ros2' returned '0': AMENT_PREFIX_PATH=/home/b24me1066/Warehouse_Simulation/install/scuttle_description_ros2:${AMENT_PREFIX_PATH} CMAKE_PREFIX_PATH=/home/b24me1066/Warehouse_Simulation/install/scuttle_description_ros2:/home/b24me1066/turtlebot3_ws/install/turtlebot3:/home/b24me1066/turtlebot3_ws/install/turtlebot3_simulations:/home/b24me1066/turtlebot3_ws/install/turtlebot3_bringup:/home/b24me1066/turtlebot3_ws/install/turtlebot3_node:/home/b24me1066/turtlebot3_ws/install/turtlebot3_navigation2:/home/b24me1066/turtlebot3_ws/install/turtlebot3_fake_node:/home/b24me1066/turtlebot3_ws/install/turtlebot3_msgs:/home/b24me1066/turtlebot3_ws/install/turtlebot3_manipulation_gazebo:/home/b24me1066/turtlebot3_ws/install/turtlebot3_gazebo:/home/b24me1066/turtlebot3_ws/install/turtlebot3_description:/home/b24me1066/turtlebot3_ws/install/turtlebot3_cartographer:/home/b24me1066/turtlebot3_ws/install/dynamixel_sdk_examples:/home/b24me1066/turtlebot3_ws/install/dynamixel_sdk_custom_interfaces:/home/b24me1066/turtlebot3_ws/install/dynamixel_sdk:/home/b24me1066/turtlebot3_ws/install/turtlebot3_teleop:/home/b24me1066/turtlebot3_ws/install/turtlebot3_example:/opt/ros/humble /usr/bin/cmake /home/b24me1066/Warehouse_Simulation/src/scuttle_gazebo_ros2 -DAMENT_CMAKE_SYMLINK_INSTALL=1 -DCMAKE_INSTALL_PREFIX=/home/b24me1066/Warehouse_Simulation/install/scuttle_gazebo_ros2
[2.514s] DEBUG:colcon.colcon_core.event_handler.log_command:Invoking command in '/home/b24me1066/Warehouse_Simulation/build/scuttle_gazebo_ros2': AMENT_PREFIX_PATH=/home/b24me1066/Warehouse_Simulation/install/scuttle_description_ros2:${AMENT_PREFIX_PATH} CMAKE_PREFIX_PATH=/home/b24me1066/Warehouse_Simulation/install/scuttle_description_ros2:/home/b24me1066/turtlebot3_ws/install/turtlebot3:/home/b24me1066/turtlebot3_ws/install/turtlebot3_simulations:/home/b24me1066/turtlebot3_ws/install/turtlebot3_bringup:/home/b24me1066/turtlebot3_ws/install/turtlebot3_node:/home/b24me1066/turtlebot3_ws/install/turtlebot3_navigation2:/home/b24me1066/turtlebot3_ws/install/turtlebot3_fake_node:/home/b24me1066/turtlebot3_ws/install/turtlebot3_msgs:/home/b24me1066/turtlebot3_ws/install/turtlebot3_manipulation_gazebo:/home/b24me1066/turtlebot3_ws/install/turtlebot3_gazebo:/home/b24me1066/turtlebot3_ws/install/turtlebot3_description:/home/b24me1066/turtlebot3_ws/install/turtlebot3_cartographer:/home/b24me1066/turtlebot3_ws/install/dynamixel_sdk_examples:/home/b24me1066/turtlebot3_ws/install/dynamixel_sdk_custom_interfaces:/home/b24me1066/turtlebot3_ws/install/dynamixel_sdk:/home/b24me1066/turtlebot3_ws/install/turtlebot3_teleop:/home/b24me1066/turtlebot3_ws/install/turtlebot3_example:/opt/ros/humble /usr/bin/cmake --build /home/b24me1066/Warehouse_Simulation/build/scuttle_gazebo_ros2 -- -j4 -l4
[2.542s] DEBUG:colcon.colcon_core.event_handler.log_command:Invoked command in '/home/b24me1066/Warehouse_Simulation/build/scuttle_gazebo_ros2' returned '0': AMENT_PREFIX_PATH=/home/b24me1066/Warehouse_Simulation/install/scuttle_description_ros2:${AMENT_PREFIX_PATH} CMAKE_PREFIX_PATH=/home/b24me1066/Warehouse_Simulation/install/scuttle_description_ros2:/home/b24me1066/turtlebot3_ws/install/turtlebot3:/home/b24me1066/turtlebot3_ws/install/turtlebot3_simulations:/home/b24me1066/turtlebot3_ws/install/turtlebot3_bringup:/home/b24me1066/turtlebot3_ws/install/turtlebot3_node:/home/b24me1066/turtlebot3_ws/install/turtlebot3_navigation2:/home/b24me1066/turtlebot3_ws/install/turtlebot3_fake_node:/home/b24me1066/turtlebot3_ws/install/turtlebot3_msgs:/home/b24me1066/turtlebot3_ws/install/turtlebot3_manipulation_gazebo:/home/b24me1066/turtlebot3_ws/install/turtlebot3_gazebo:/home/b24me1066/turtlebot3_ws/install/turtlebot3_description:/home/b24me1066/turtlebot3_ws/install/turtlebot3_cartographer:/home/b24me1066/turtlebot3_ws/install/dynamixel_sdk_examples:/home/b24me1066/turtlebot3_ws/install/dynamixel_sdk_custom_interfaces:/home/b24me1066/turtlebot3_ws/install/dynamixel_sdk:/home/b24me1066/turtlebot3_ws/install/turtlebot3_teleop:/home/b24me1066/turtlebot3_ws/install/turtlebot3_example:/opt/ros/humble /usr/bin/cmake --build /home/b24me1066/Warehouse_Simulation/build/scuttle_gazebo_ros2 -- -j4 -l4
[2.544s] DEBUG:colcon.colcon_core.event_handler.log_command:Invoking command in '/home/b24me1066/Warehouse_Simulation/build/scuttle_gazebo_ros2': AMENT_PREFIX_PATH=/home/b24me1066/Warehouse_Simulation/install/scuttle_description_ros2:${AMENT_PREFIX_PATH} CMAKE_PREFIX_PATH=/home/b24me1066/Warehouse_Simulation/install/scuttle_description_ros2:/home/b24me1066/turtlebot3_ws/install/turtlebot3:/home/b24me1066/turtlebot3_ws/install/turtlebot3_simulations:/home/b24me1066/turtlebot3_ws/install/turtlebot3_bringup:/home/b24me1066/turtlebot3_ws/install/turtlebot3_node:/home/b24me1066/turtlebot3_ws/install/turtlebot3_navigation2:/home/b24me1066/turtlebot3_ws/install/turtlebot3_fake_node:/home/b24me1066/turtlebot3_ws/install/turtlebot3_msgs:/home/b24me1066/turtlebot3_ws/install/turtlebot3_manipulation_gazebo:/home/b24me1066/turtlebot3_ws/install/turtlebot3_gazebo:/home/b24me1066/turtlebot3_ws/install/turtlebot3_description:/home/b24me1066/turtlebot3_ws/install/turtlebot3_cartographer:/home/b24me1066/turtlebot3_ws/install/dynamixel_sdk_examples:/home/b24me1066/turtlebot3_ws/install/dynamixel_sdk_custom_interfaces:/home/b24me1066/turtlebot3_ws/install/dynamixel_sdk:/home/b24me1066/turtlebot3_ws/install/turtlebot3_teleop:/home/b24me1066/turtlebot3_ws/install/turtlebot3_example:/opt/ros/humble /usr/bin/cmake --install /home/b24me1066/Warehouse_Simulation/build/scuttle_gazebo_ros2
[3.054s] Level 1:colcon.colcon_core.environment:create_environment_scripts_only(scuttle_gazebo_ros2)
[3.054s] Level 1:colcon.colcon_core.environment:checking '/home/b24me1066/Warehouse_Simulation/install/scuttle_gazebo_ros2' for CMake module files
[3.055s] DEBUG:colcon.colcon_core.event_handler.log_command:Invoked command in '/home/b24me1066/Warehouse_Simulation/build/scuttle_gazebo_ros2' returned '0': AMENT_PREFIX_PATH=/home/b24me1066/Warehouse_Simulation/install/scuttle_description_ros2:${AMENT_PREFIX_PATH} CMAKE_PREFIX_PATH=/home/b24me1066/Warehouse_Simulation/install/scuttle_description_ros2:/home/b24me1066/turtlebot3_ws/install/turtlebot3:/home/b24me1066/turtlebot3_ws/install/turtlebot3_simulations:/home/b24me1066/turtlebot3_ws/install/turtlebot3_bringup:/home/b24me1066/turtlebot3_ws/install/turtlebot3_node:/home/b24me1066/turtlebot3_ws/install/turtlebot3_navigation2:/home/b24me1066/turtlebot3_ws/install/turtlebot3_fake_node:/home/b24me1066/turtlebot3_ws/install/turtlebot3_msgs:/home/b24me1066/turtlebot3_ws/install/turtlebot3_manipulation_gazebo:/home/b24me1066/turtlebot3_ws/install/turtlebot3_gazebo:/home/b24me1066/turtlebot3_ws/install/turtlebot3_description:/home/b24me1066/turtlebot3_ws/install/turtlebot3_cartographer:/home/b24me1066/turtlebot3_ws/install/dynamixel_sdk_examples:/home/b24me1066/turtlebot3_ws/install/dynamixel_sdk_custom_interfaces:/home/b24me1066/turtlebot3_ws/install/dynamixel_sdk:/home/b24me1066/turtlebot3_ws/install/turtlebot3_teleop:/home/b24me1066/turtlebot3_ws/install/turtlebot3_example:/opt/ros/humble /usr/bin/cmake --install /home/b24me1066/Warehouse_Simulation/build/scuttle_gazebo_ros2
[3.055s] Level 1:colcon.colcon_core.environment:checking '/home/b24me1066/Warehouse_Simulation/install/scuttle_gazebo_ros2' for CMake config files
[3.056s] Level 1:colcon.colcon_core.shell:create_environment_hook('scuttle_gazebo_ros2', 'cmake_prefix_path')
[3.056s] INFO:colcon.colcon_core.shell:Creating environment hook '/home/b24me1066/Warehouse_Simulation/install/scuttle_gazebo_ros2/share/scuttle_gazebo_ros2/hook/cmake_prefix_path.ps1'
[3.056s] INFO:colcon.colcon_core.shell:Creating environment descriptor '/home/b24me1066/Warehouse_Simulation/install/scuttle_gazebo_ros2/share/scuttle_gazebo_ros2/hook/cmake_prefix_path.dsv'
[3.056s] INFO:colcon.colcon_core.shell:Creating environment hook '/home/b24me1066/Warehouse_Simulation/install/scuttle_gazebo_ros2/share/scuttle_gazebo_ros2/hook/cmake_prefix_path.sh'
[3.057s] Level 1:colcon.colcon_core.environment:checking '/home/b24me1066/Warehouse_Simulation/install/scuttle_gazebo_ros2/bin'
[3.057s] Level 1:colcon.colcon_core.environment:checking '/home/b24me1066/Warehouse_Simulation/install/scuttle_gazebo_ros2/lib/pkgconfig/scuttle_gazebo_ros2.pc'
[3.057s] Level 1:colcon.colcon_core.environment:checking '/home/b24me1066/Warehouse_Simulation/install/scuttle_gazebo_ros2/lib/python3.10/site-packages'
[3.057s] Level 1:colcon.colcon_core.environment:checking '/home/b24me1066/Warehouse_Simulation/install/scuttle_gazebo_ros2/bin'
[3.057s] INFO:colcon.colcon_core.shell:Creating package script '/home/b24me1066/Warehouse_Simulation/install/scuttle_gazebo_ros2/share/scuttle_gazebo_ros2/package.ps1'
[3.058s] INFO:colcon.colcon_core.shell:Creating package descriptor '/home/b24me1066/Warehouse_Simulation/install/scuttle_gazebo_ros2/share/scuttle_gazebo_ros2/package.dsv'
[3.058s] INFO:colcon.colcon_core.shell:Creating package script '/home/b24me1066/Warehouse_Simulation/install/scuttle_gazebo_ros2/share/scuttle_gazebo_ros2/package.sh'
[3.058s] INFO:colcon.colcon_core.shell:Creating package script '/home/b24me1066/Warehouse_Simulation/install/scuttle_gazebo_ros2/share/scuttle_gazebo_ros2/package.bash'
[3.058s] INFO:colcon.colcon_core.shell:Creating package script '/home/b24me1066/Warehouse_Simulation/install/scuttle_gazebo_ros2/share/scuttle_gazebo_ros2/package.zsh'
[3.059s] Level 1:colcon.colcon_core.environment:create_file_with_runtime_dependencies(/home/b24me1066/Warehouse_Simulation/install/scuttle_gazebo_ros2/share/colcon-core/packages/scuttle_gazebo_ros2)
[3.059s] Level 1:colcon.colcon_core.environment:create_environment_scripts_only(scuttle_gazebo_ros2)
[3.059s] Level 1:colcon.colcon_core.environment:checking '/home/b24me1066/Warehouse_Simulation/install/scuttle_gazebo_ros2' for CMake module files
[3.060s] Level 1:colcon.colcon_core.environment:checking '/home/b24me1066/Warehouse_Simulation/install/scuttle_gazebo_ros2' for CMake config files
[3.060s] Level 1:colcon.colcon_core.shell:create_environment_hook('scuttle_gazebo_ros2', 'cmake_prefix_path')
[3.060s] INFO:colcon.colcon_core.shell:Creating environment hook '/home/b24me1066/Warehouse_Simulation/install/scuttle_gazebo_ros2/share/scuttle_gazebo_ros2/hook/cmake_prefix_path.ps1'
[3.060s] INFO:colcon.colcon_core.shell:Creating environment descriptor '/home/b24me1066/Warehouse_Simulation/install/scuttle_gazebo_ros2/share/scuttle_gazebo_ros2/hook/cmake_prefix_path.dsv'
[3.061s] INFO:colcon.colcon_core.shell:Creating environment hook '/home/b24me1066/Warehouse_Simulation/install/scuttle_gazebo_ros2/share/scuttle_gazebo_ros2/hook/cmake_prefix_path.sh'
[3.061s] Level 1:colcon.colcon_core.environment:checking '/home/b24me1066/Warehouse_Simulation/install/scuttle_gazebo_ros2/bin'
[3.061s] Level 1:colcon.colcon_core.environment:checking '/home/b24me1066/Warehouse_Simulation/install/scuttle_gazebo_ros2/lib/pkgconfig/scuttle_gazebo_ros2.pc'
[3.061s] Level 1:colcon.colcon_core.environment:checking '/home/b24me1066/Warehouse_Simulation/install/scuttle_gazebo_ros2/lib/python3.10/site-packages'
[3.062s] Level 1:colcon.colcon_core.environment:checking '/home/b24me1066/Warehouse_Simulation/install/scuttle_gazebo_ros2/bin'
[3.062s] INFO:colcon.colcon_core.shell:Creating package script '/home/b24me1066/Warehouse_Simulation/install/scuttle_gazebo_ros2/share/scuttle_gazebo_ros2/package.ps1'
[3.062s] INFO:colcon.colcon_core.shell:Creating package descriptor '/home/b24me1066/Warehouse_Simulation/install/scuttle_gazebo_ros2/share/scuttle_gazebo_ros2/package.dsv'
[3.062s] INFO:colcon.colcon_core.shell:Creating package script '/home/b24me1066/Warehouse_Simulation/install/scuttle_gazebo_ros2/share/scuttle_gazebo_ros2/package.sh'
[3.063s] INFO:colcon.colcon_core.shell:Creating package script '/home/b24me1066/Warehouse_Simulation/install/scuttle_gazebo_ros2/share/scuttle_gazebo_ros2/package.bash'
[3.063s] INFO:colcon.colcon_core.shell:Creating package script '/home/b24me1066/Warehouse_Simulation/install/scuttle_gazebo_ros2/share/scuttle_gazebo_ros2/package.zsh'
[3.063s] Level 1:colcon.colcon_core.environment:create_file_with_runtime_dependencies(/home/b24me1066/Warehouse_Simulation/install/scuttle_gazebo_ros2/share/colcon-core/packages/scuttle_gazebo_ros2)
[3.063s] DEBUG:colcon.colcon_parallel_executor.executor.parallel:closing loop
[3.064s] DEBUG:colcon.colcon_parallel_executor.executor.parallel:loop closed
[3.064s] DEBUG:colcon.colcon_parallel_executor.executor.parallel:run_until_complete finished with '0'
[3.064s] DEBUG:colcon.colcon_core.event_reactor:joining thread
[3.071s] INFO:colcon.colcon_core.plugin_system:Skipping extension 'colcon_notification.desktop_notification.terminal_notifier': Not used on non-Darwin systems
[3.071s] INFO:colcon.colcon_core.plugin_system:Skipping extension 'colcon_notification.desktop_notification.win32': Not used on non-Windows systems
[3.071s] INFO:colcon.colcon_notification.desktop_notification:Sending desktop notification using 'notify2'
[3.077s] DEBUG:colcon.colcon_core.event_reactor:joined thread
[3.077s] INFO:colcon.colcon_core.shell:Creating prefix script '/home/b24me1066/Warehouse_Simulation/install/local_setup.ps1'
[3.079s] INFO:colcon.colcon_core.shell:Creating prefix util module '/home/b24me1066/Warehouse_Simulation/install/_local_setup_util_ps1.py'
[3.081s] INFO:colcon.colcon_core.shell:Creating prefix chain script '/home/b24me1066/Warehouse_Simulation/install/setup.ps1'
[3.083s] INFO:colcon.colcon_core.shell:Creating prefix script '/home/b24me1066/Warehouse_Simulation/install/local_setup.sh'
[3.084s] INFO:colcon.colcon_core.shell:Creating prefix util module '/home/b24me1066/Warehouse_Simulation/install/_local_setup_util_sh.py'
[3.084s] INFO:colcon.colcon_core.shell:Creating prefix chain script '/home/b24me1066/Warehouse_Simulation/install/setup.sh'
[3.086s] INFO:colcon.colcon_core.shell:Creating prefix script '/home/b24me1066/Warehouse_Simulation/install/local_setup.bash'
[3.087s] INFO:colcon.colcon_core.shell:Creating prefix chain script '/home/b24me1066/Warehouse_Simulation/install/setup.bash'
[3.088s] INFO:colcon.colcon_core.shell:Creating prefix script '/home/b24me1066/Warehouse_Simulation/install/local_setup.zsh'
[3.089s] INFO:colcon.colcon_core.shell:Creating prefix chain script '/home/b24me1066/Warehouse_Simulation/install/setup.zsh'
