[0.010s] Invoking command in '/home/b24me1066/Warehouse_Simulation/build/scuttle_navigation2': CMAKE_PREFIX_PATH=${CMAKE_PREFIX_PATH}:/home/b24me1066/turtlebot3_ws/install/turtlebot3_teleop:/home/b24me1066/turtlebot3_ws/install/turtlebot3_example:/opt/ros/humble /usr/bin/cmake /home/b24me1066/Warehouse_Simulation/src/scuttle_navigation2 -DAMENT_CMAKE_SYMLINK_INSTALL=1 -DCMAKE_INSTALL_PREFIX=/home/b24me1066/Warehouse_Simulation/install/scuttle_navigation2
[0.118s] -- The C compiler identification is GNU 11.4.0
[0.178s] -- The CXX compiler identification is GNU 11.4.0
[0.193s] -- Detecting C compiler ABI info
[0.273s] -- Detecting C compiler ABI info - done
[0.281s] -- Check for working C compiler: /usr/bin/cc - skipped
[0.282s] -- Detecting C compile features
[0.282s] -- Detecting C compile features - done
[0.285s] -- Detecting CXX compiler ABI info
[0.363s] -- Detecting CXX compiler ABI info - done
[0.369s] -- Check for working CXX compiler: /usr/bin/c++ - skipped
[0.369s] -- Detecting CXX compile features
[0.369s] -- Detecting CXX compile features - done
[0.394s] -- Found ament_cmake: 1.3.12 (/opt/ros/humble/share/ament_cmake/cmake)
[0.567s] -- Found Python3: /usr/bin/python3 (found version "3.10.12") found components: Interpreter 
[0.633s] -- Override CMake install command with custom implementation using symlinks instead of copying resources
[0.761s] -- Configuring done
[0.762s] -- Generating done
[0.763s] -- Build files have been written to: /home/b24me1066/Warehouse_Simulation/build/scuttle_navigation2
[0.767s] Invoked command in '/home/b24me1066/Warehouse_Simulation/build/scuttle_navigation2' returned '0': CMAKE_PREFIX_PATH=${CMAKE_PREFIX_PATH}:/home/b24me1066/turtlebot3_ws/install/turtlebot3_teleop:/home/b24me1066/turtlebot3_ws/install/turtlebot3_example:/opt/ros/humble /usr/bin/cmake /home/b24me1066/Warehouse_Simulation/src/scuttle_navigation2 -DAMENT_CMAKE_SYMLINK_INSTALL=1 -DCMAKE_INSTALL_PREFIX=/home/b24me1066/Warehouse_Simulation/install/scuttle_navigation2
[0.768s] Invoking command in '/home/b24me1066/Warehouse_Simulation/build/scuttle_navigation2': CMAKE_PREFIX_PATH=${CMAKE_PREFIX_PATH}:/home/b24me1066/turtlebot3_ws/install/turtlebot3_teleop:/home/b24me1066/turtlebot3_ws/install/turtlebot3_example:/opt/ros/humble /usr/bin/cmake --build /home/b24me1066/Warehouse_Simulation/build/scuttle_navigation2 -- -j4 -l4
[0.800s] Invoked command in '/home/b24me1066/Warehouse_Simulation/build/scuttle_navigation2' returned '0': CMAKE_PREFIX_PATH=${CMAKE_PREFIX_PATH}:/home/b24me1066/turtlebot3_ws/install/turtlebot3_teleop:/home/b24me1066/turtlebot3_ws/install/turtlebot3_example:/opt/ros/humble /usr/bin/cmake --build /home/b24me1066/Warehouse_Simulation/build/scuttle_navigation2 -- -j4 -l4
[0.809s] Invoking command in '/home/b24me1066/Warehouse_Simulation/build/scuttle_navigation2': CMAKE_PREFIX_PATH=${CMAKE_PREFIX_PATH}:/home/b24me1066/turtlebot3_ws/install/turtlebot3_teleop:/home/b24me1066/turtlebot3_ws/install/turtlebot3_example:/opt/ros/humble /usr/bin/cmake --install /home/b24me1066/Warehouse_Simulation/build/scuttle_navigation2
[0.816s] -- Install configuration: ""
[0.817s] -- Execute custom install script
[0.817s] -- Symlinking: /home/b24me1066/Warehouse_Simulation/install/scuttle_navigation2/share/scuttle_navigation2/launch/competition_nodes_only.launch.py
[0.825s] -- Symlinking: /home/b24me1066/Warehouse_Simulation/install/scuttle_navigation2/share/scuttle_navigation2/launch/geotag_recorder.py
[0.833s] -- Symlinking: /home/b24me1066/Warehouse_Simulation/install/scuttle_navigation2/share/scuttle_navigation2/launch/lane_follower_nav.py
[0.840s] -- Symlinking: /home/b24me1066/Warehouse_Simulation/install/scuttle_navigation2/share/scuttle_navigation2/launch/localization_keepout_launch.py
[0.846s] -- Symlinking: /home/b24me1066/Warehouse_Simulation/install/scuttle_navigation2/share/scuttle_navigation2/launch/localization_launch.py
[0.855s] -- Symlinking: /home/b24me1066/Warehouse_Simulation/install/scuttle_navigation2/share/scuttle_navigation2/launch/navigation_launch.py
[0.862s] -- Symlinking: /home/b24me1066/Warehouse_Simulation/install/scuttle_navigation2/share/scuttle_navigation2/launch/online_async_launch.py
[0.869s] -- Symlinking: /home/b24me1066/Warehouse_Simulation/install/scuttle_navigation2/share/scuttle_navigation2/launch/warehouse_mission.launch.py
[0.875s] -- Symlinking: /home/b24me1066/Warehouse_Simulation/install/scuttle_navigation2/share/scuttle_navigation2/launch/waypoint_navigator.py
[0.882s] -- Symlinking: /home/b24me1066/Warehouse_Simulation/install/scuttle_navigation2/share/scuttle_navigation2/config/ball_tracker_params_robot.yaml
[0.889s] -- Symlinking: /home/b24me1066/Warehouse_Simulation/install/scuttle_navigation2/share/scuttle_navigation2/config/ball_tracker_params_sim.yaml
[0.895s] -- Symlinking: /home/b24me1066/Warehouse_Simulation/install/scuttle_navigation2/share/scuttle_navigation2/config/drive_bot.rviz
[0.902s] -- Symlinking: /home/b24me1066/Warehouse_Simulation/install/scuttle_navigation2/share/scuttle_navigation2/config/empty.yaml
[0.908s] -- Symlinking: /home/b24me1066/Warehouse_Simulation/install/scuttle_navigation2/share/scuttle_navigation2/config/filter_info_server_params.yaml
[0.915s] -- Symlinking: /home/b24me1066/Warehouse_Simulation/install/scuttle_navigation2/share/scuttle_navigation2/config/gaz_ros2_ctl_use_sim.yaml
[0.922s] -- Symlinking: /home/b24me1066/Warehouse_Simulation/install/scuttle_navigation2/share/scuttle_navigation2/config/gazebo_params.yaml
[0.928s] -- Symlinking: /home/b24me1066/Warehouse_Simulation/install/scuttle_navigation2/share/scuttle_navigation2/config/joystick.yaml
[0.935s] -- Symlinking: /home/b24me1066/Warehouse_Simulation/install/scuttle_navigation2/share/scuttle_navigation2/config/main.rviz
[0.943s] -- Symlinking: /home/b24me1066/Warehouse_Simulation/install/scuttle_navigation2/share/scuttle_navigation2/config/map.rviz
[0.949s] -- Symlinking: /home/b24me1066/Warehouse_Simulation/install/scuttle_navigation2/share/scuttle_navigation2/config/mapper_params_online_async.yaml
[0.956s] -- Symlinking: /home/b24me1066/Warehouse_Simulation/install/scuttle_navigation2/share/scuttle_navigation2/config/my_controllers.yaml
[0.962s] -- Symlinking: /home/b24me1066/Warehouse_Simulation/install/scuttle_navigation2/share/scuttle_navigation2/config/nav2_params.yaml
[0.969s] -- Symlinking: /home/b24me1066/Warehouse_Simulation/install/scuttle_navigation2/share/scuttle_navigation2/config/nav2_params_competition.yaml
[0.976s] -- Symlinking: /home/b24me1066/Warehouse_Simulation/install/scuttle_navigation2/share/scuttle_navigation2/config/nav2_scuttle.rviz
[0.982s] -- Symlinking: /home/b24me1066/Warehouse_Simulation/install/scuttle_navigation2/share/scuttle_navigation2/config/twist_mux.yaml
[0.989s] -- Symlinking: /home/b24me1066/Warehouse_Simulation/install/scuttle_navigation2/share/scuttle_navigation2/config/view_bot.rviz
[0.995s] -- Symlinking: /home/b24me1066/Warehouse_Simulation/install/scuttle_navigation2/lib/scuttle_navigation2/obstacle_speed_controller.py
[1.002s] -- Symlinking: /home/b24me1066/Warehouse_Simulation/install/scuttle_navigation2/lib/scuttle_navigation2/emergency_stop.py
[1.008s] -- Symlinking: /home/b24me1066/Warehouse_Simulation/install/scuttle_navigation2/lib/scuttle_navigation2/wifi_monitor.py
[1.015s] -- Symlinking: /home/b24me1066/Warehouse_Simulation/install/scuttle_navigation2/lib/scuttle_navigation2/vertical_scanner.py
[1.021s] -- Symlinking: /home/b24me1066/Warehouse_Simulation/install/scuttle_navigation2/lib/scuttle_navigation2/qr_code_scanner.py
[1.028s] -- Symlinking: /home/b24me1066/Warehouse_Simulation/install/scuttle_navigation2/lib/scuttle_navigation2/competition_waypoint_navigator.py
[1.034s] -- Symlinking: /home/b24me1066/Warehouse_Simulation/install/scuttle_navigation2/lib/scuttle_navigation2/competition_server.py
[1.041s] -- Symlinking: /home/b24me1066/Warehouse_Simulation/install/scuttle_navigation2/lib/scuttle_navigation2/waypoint_validator.py
[1.049s] -- Symlinking: /home/b24me1066/Warehouse_Simulation/install/scuttle_navigation2/lib/scuttle_navigation2/interactive_waypoint_recorder.py
[1.055s] -- Symlinking: /home/b24me1066/Warehouse_Simulation/install/scuttle_navigation2/share/ament_index/resource_index/package_run_dependencies/scuttle_navigation2
[1.062s] -- Symlinking: /home/b24me1066/Warehouse_Simulation/install/scuttle_navigation2/share/ament_index/resource_index/parent_prefix_path/scuttle_navigation2
[1.068s] -- Symlinking: /home/b24me1066/Warehouse_Simulation/install/scuttle_navigation2/share/scuttle_navigation2/environment/ament_prefix_path.sh
[1.075s] -- Symlinking: /home/b24me1066/Warehouse_Simulation/install/scuttle_navigation2/share/scuttle_navigation2/environment/ament_prefix_path.dsv
[1.081s] -- Symlinking: /home/b24me1066/Warehouse_Simulation/install/scuttle_navigation2/share/scuttle_navigation2/environment/path.sh
[1.088s] -- Symlinking: /home/b24me1066/Warehouse_Simulation/install/scuttle_navigation2/share/scuttle_navigation2/environment/path.dsv
[1.094s] -- Symlinking: /home/b24me1066/Warehouse_Simulation/install/scuttle_navigation2/share/scuttle_navigation2/local_setup.bash
[1.101s] -- Symlinking: /home/b24me1066/Warehouse_Simulation/install/scuttle_navigation2/share/scuttle_navigation2/local_setup.sh
[1.107s] -- Symlinking: /home/b24me1066/Warehouse_Simulation/install/scuttle_navigation2/share/scuttle_navigation2/local_setup.zsh
[1.114s] -- Symlinking: /home/b24me1066/Warehouse_Simulation/install/scuttle_navigation2/share/scuttle_navigation2/local_setup.dsv
[1.122s] -- Symlinking: /home/b24me1066/Warehouse_Simulation/install/scuttle_navigation2/share/scuttle_navigation2/package.dsv
[1.129s] -- Symlinking: /home/b24me1066/Warehouse_Simulation/install/scuttle_navigation2/share/ament_index/resource_index/packages/scuttle_navigation2
[1.135s] -- Symlinking: /home/b24me1066/Warehouse_Simulation/install/scuttle_navigation2/share/scuttle_navigation2/cmake/scuttle_navigation2Config.cmake
[1.141s] -- Symlinking: /home/b24me1066/Warehouse_Simulation/install/scuttle_navigation2/share/scuttle_navigation2/cmake/scuttle_navigation2Config-version.cmake
[1.151s] -- Symlinking: /home/b24me1066/Warehouse_Simulation/install/scuttle_navigation2/share/scuttle_navigation2/package.xml
[1.159s] Invoked command in '/home/b24me1066/Warehouse_Simulation/build/scuttle_navigation2' returned '0': CMAKE_PREFIX_PATH=${CMAKE_PREFIX_PATH}:/home/b24me1066/turtlebot3_ws/install/turtlebot3_teleop:/home/b24me1066/turtlebot3_ws/install/turtlebot3_example:/opt/ros/humble /usr/bin/cmake --install /home/b24me1066/Warehouse_Simulation/build/scuttle_navigation2
